ERROR customapp.engine 2013-12-20 09:33:02 D:/eclipse/code/pinloveweb\apps\third_party_login_app\views.py views 182 OAUTH_TOKEN===a68ZCPepOgj2YYQHF0I3FAjyqQqKd8Fi7M9ACET3c
ERROR customapp.engine 2013-12-20 09:33:02 D:/eclipse/code/pinloveweb\apps\third_party_login_app\views.py views 183 OAUTH_TOKEN_SECRET===a68ZCPepOgj2YYQHF0I3FAjyqQqKd8Fi7M9ACET3c
ERROR customapp.engine 2013-12-20 09:33:11 D:/eclipse/code/pinloveweb\apps\third_party_login_app\views.py views 196 session==2249878794-QGk7iGnMgFQZAttHYV1HJjbkjTJTkFtOR6PqVsn,,,,9AsQvWkKEYai7u65TMH2Fcnqcvp6tdV04XPGUNFN5C3Te
ERROR customapp.engine 2013-12-20 09:33:13 D:/eclipse/code/pinloveweb\apps\third_party_login_app\views.py views 230 pinloveweb   PIN_LOVE_10086
ERROR customapp.engine 2013-12-20 09:33:13 D:/eclipse/code/pinloveweb\apps\third_party_login_app\views.py views 233 login successpinlovewebfcsdfsf
ERROR customapp.engine 2013-12-20 09:53:12 D:/eclipse/code/pinloveweb\apps\third_party_login_app\views.py views 182 OAUTH_TOKEN===gXQAH8s7HImsG3aPzKt1WDBXiEkQoRRRDDk5TxAZqik
ERROR customapp.engine 2013-12-20 09:53:12 D:/eclipse/code/pinloveweb\apps\third_party_login_app\views.py views 183 OAUTH_TOKEN_SECRET===gXQAH8s7HImsG3aPzKt1WDBXiEkQoRRRDDk5TxAZqik
ERROR customapp.engine 2013-12-20 09:53:15 D:/eclipse/code/pinloveweb\apps\third_party_login_app\views.py views 182 OAUTH_TOKEN===WQoGLky7LYKeAQ4YvneqDkh32TZOwEP1ZlXCVx2UQu8
ERROR customapp.engine 2013-12-20 09:53:15 D:/eclipse/code/pinloveweb\apps\third_party_login_app\views.py views 183 OAUTH_TOKEN_SECRET===WQoGLky7LYKeAQ4YvneqDkh32TZOwEP1ZlXCVx2UQu8
ERROR customapp.engine 2013-12-20 09:53:45 D:/eclipse/code/pinloveweb\apps\third_party_login_app\views.py views 198 session==2249878794-QGk7iGnMgFQZAttHYV1HJjbkjTJTkFtOR6PqVsn,,,,9AsQvWkKEYai7u65TMH2Fcnqcvp6tdV04XPGUNFN5C3Te
ERROR customapp.engine 2013-12-20 09:53:47 D:/eclipse/code/pinloveweb\apps\third_party_login_app\views.py views 232 pinloveweb   PIN_LOVE_10086
ERROR customapp.engine 2013-12-20 09:53:47 D:/eclipse/code/pinloveweb\apps\third_party_login_app\views.py views 235 login successpinlovewebfcsdfsf
ERROR customapp.engine 2013-12-20 10:09:40 D:/eclipse/code/pinloveweb\apps\third_party_login_app\views.py views 182 OAUTH_TOKEN===x0RjQWXh0KtBbadzyCHS0ua7bUvPtCfHomlzQ9olg
ERROR customapp.engine 2013-12-20 10:09:40 D:/eclipse/code/pinloveweb\apps\third_party_login_app\views.py views 183 OAUTH_TOKEN_SECRET===x0RjQWXh0KtBbadzyCHS0ua7bUvPtCfHomlzQ9olg
ERROR customapp.engine 2013-12-25 10:42:17 D:\eclipse\code\pinloveweb\apps\third_party_login_app\views.py views 83 url====https://api.weibo.com/oauth2/authorize?redirect_uri=http%3A//snailjin.eicp.net/third_party_login/sina_login/&response_type=code&client_id=2523894606
ERROR customapp.engine 2013-12-27 16:50:02 D:/eclipse/code/pinloveweb\apps\third_party_login_app\views.py views 83 url====https://api.weibo.com/oauth2/authorize?redirect_uri=http%3A//snailjin.eicp.net/third_party_login/sina_login/&response_type=code&client_id=2523894606
ERROR customapp.engine 2013-12-27 17:00:53 D:/eclipse/code/pinloveweb\apps\third_party_login_app\views.py views 136 url====https://www.facebook.com/dialog/oauth?redirect_uri=http%3A%2F%2Fsnailjin.eicp.net%2Fthird_party_login%2Ffacebook_login%2F&client_id=1412943645609984
ERROR customapp.engine 2013-12-30 14:16:31 D:/eclipse/code/pinloveweb\apps\third_party_login_app\views.py views 83 url====https://api.weibo.com/oauth2/authorize?redirect_uri=http%3A//snailjin.eicp.net/third_party_login/sina_login/&response_type=code&client_id=2523894606
ERROR customapp.engine 2014-01-18 14:22:34 E:/eclipse_64/code/pinloveweb\apps\third_party_login_app\views.py views 136 url====https://www.facebook.com/dialog/oauth?redirect_uri=http%3A%2F%2Fpinlove.xicp.net%2F%2Fthird_party_login%2Ffacebook_login%2F&client_id=1412943645609984
ERROR customapp.engine 2014-01-18 14:24:44 E:/eclipse_64/code/pinloveweb\apps\third_party_login_app\views.py views 136 url====https://www.facebook.com/dialog/oauth?redirect_uri=http%3A%2F%2Fpinlove.xicp.net%2F%2Fthird_party_login%2Ffacebook_login%2F&client_id=1412943645609984
ERROR customapp.engine 2014-01-18 14:25:24 E:/eclipse_64/code/pinloveweb\apps\third_party_login_app\views.py views 136 url====https://www.facebook.com/dialog/oauth?redirect_uri=http%3A%2F%2Fpinlove.xicp.net%2F%2Fthird_party_login%2Ffacebook_login%2F&client_id=1412943645609984
ERROR customapp.engine 2014-01-18 14:25:56 E:/eclipse_64/code/pinloveweb\apps\third_party_login_app\views.py views 136 url====https://www.facebook.com/dialog/oauth?redirect_uri=http%3A%2F%2Fpinlove.xicp.net%2F%2Fthird_party_login%2Ffacebook_login%2F&client_id=1412943645609984
ERROR customapp.engine 2014-01-18 14:34:55 E:\eclipse_64\code\pinloveweb\apps\third_party_login_app\views.py views 136 url====https://www.facebook.com/dialog/oauth?redirect_uri=http%3A%2F%2Fpinlove.xicp.net%2F%2Fthird_party_login%2Ffacebook_login%2F&client_id=1412943645609984
ERROR customapp.engine 2014-01-18 14:45:36 E:/eclipse_64/code/pinloveweb\apps\third_party_login_app\views.py views 136 url====https://www.facebook.com/dialog/oauth?redirect_uri=http%3A%2F%2Fpinlove.xicp.net%2F%2Fthird_party_login%2Ffacebook_login%2F&client_id=1412943645609984
ERROR customapp.engine 2014-01-18 14:47:10 E:/eclipse_64/code/pinloveweb\apps\third_party_login_app\views.py views 136 url====https://www.facebook.com/dialog/oauth?redirect_uri=http%3A%2F%2Fpinlove.xicp.net%2F%2Fthird_party_login%2Ffacebook_login%2F&client_id=1412943645609984
ERROR customapp.engine 2014-01-18 14:47:23 E:/eclipse_64/code/pinloveweb\apps\third_party_login_app\views.py views 226 Jin  Snail   PIN_LOVE_10086
ERROR customapp.engine 2014-01-18 14:47:23 E:/eclipse_64/code/pinloveweb\apps\third_party_login_app\views.py views 229 login successJin  Snailfcsdfsf
ERROR customapp.engine 2014-01-19 19:07:11 E:/eclipse_64/code/pinloveweb\apps\third_party_login_app\views.py views 136 url====https://www.facebook.com/dialog/oauth?redirect_uri=http%3A%2F%2Fpinlove.xicp.net%2F%2Fthird_party_login%2Ffacebook_login%2F&client_id=1412943645609984
ERROR customapp.engine 2014-01-19 19:07:17 E:/eclipse_64/code/pinloveweb\apps\third_party_login_app\views.py views 226 Jin  Snail   PIN_LOVE_10086
ERROR customapp.engine 2014-01-19 19:07:18 E:/eclipse_64/code/pinloveweb\apps\third_party_login_app\views.py views 229 login successJin  Snailfcsdfsf
